<?xml version="1.0" encoding="UTF-8"?>
<testsuite name="com.example.alarmserver.DemoApplicationTests" tests="1" skipped="0" failures="0" errors="0" timestamp="2023-06-11T02:49:56" hostname="qinhuajun" time="0.47">
  <properties/>
  <testcase name="contextLoads()" classname="com.example.alarmserver.DemoApplicationTests" time="0.47"/>
  <system-out><![CDATA[10:49:54.983 [Test worker] INFO org.springframework.test.context.support.AnnotationConfigContextLoaderUtils -- Could not detect default configuration classes for test class [com.example.alarmserver.DemoApplicationTests]: DemoApplicationTests does not declare any static, non-private, non-final, nested classes annotated with @Configuration.
10:49:55.110 [Test worker] INFO org.springframework.boot.test.context.SpringBootTestContextBootstrapper -- Found @SpringBootConfiguration com.example.alarmserver.DemoApplication for test class com.example.alarmserver.DemoApplicationTests

  .   ____          _            __ _ _
 /\\ / ___'_ __ _ _(_)_ __  __ _ \ \ \ \
( ( )\___ | '_ | '_| | '_ \/ _` | \ \ \ \
 \\/  ___)| |_)| | | | | || (_| |  ) ) ) )
  '  |____| .__|_| |_|_| |_\__, | / / / /
 =========|_|==============|___/=/_/_/_/
 :: Spring Boot ::                (v3.1.0)

2023-06-11T10:49:55.457+08:00  INFO 7912 --- [    Test worker] c.e.alarmserver.DemoApplicationTests     : Starting DemoApplicationTests using Java 17.0.7 with PID 7912 (started by qinhuajun in /home/qinhuajun/JavaProjects/alarm-server)
2023-06-11T10:49:55.459+08:00  INFO 7912 --- [    Test worker] c.e.alarmserver.DemoApplicationTests     : No active profile set, falling back to 1 default profile: "default"
2023-06-11T10:49:56.067+08:00  INFO 7912 --- [    Test worker] c.e.alarmserver.DemoApplicationTests     : Started DemoApplicationTests in 0.824 seconds (process running for 1.856)
]]></system-out>
  <system-err><![CDATA[]]></system-err>
</testsuite>
